<?xml version="1.0" encoding="UTF-8"?>
<!-- Generated by org.testng.reporters.JUnitReportReporter -->
<testsuite hostname="Rasika" failures="0" tests="1" name="testLayer.ProductDetailPageTest" time="21.203" errors="0" timestamp="2023-10-27T12:59:28 IST" skipped="0">
  <testcase classname="testLayer.ProductDetailPageTest" name="validateproductdetailPage" time="21.203"/>
  <system-out/>
</testsuite> <!-- testLayer.ProductDetailPageTest -->
